  EndScene.cpp
  Game.cpp
  PlayScene.cpp
  main.cpp
C:\Users\Dio\Desktop\AIBoi\AI_Assignment3\GAME3001_A3_Daekoen_Lee_Michale_Shular\src\main.cpp(9,32): warning C4244: 'initializing': conversion from 'float' to 'int', possible loss of data
  Plane.cpp
C:\Users\Dio\Desktop\AIBoi\AI_Assignment3\GAME3001_A3_Daekoen_Lee_Michale_Shular\src\Plane.cpp(41,6): warning C4244: 'argument': conversion from 'const T' to 'int', possible loss of data
          with
          [
              T=float
          ]
C:\Users\Dio\Desktop\AIBoi\AI_Assignment3\GAME3001_A3_Daekoen_Lee_Michale_Shular\src\Plane.cpp(41,3): warning C4244: 'argument': conversion from 'const T' to 'int', possible loss of data
          with
          [
              T=float
          ]
  EventManager.cpp
C:\Users\Dio\Desktop\AIBoi\AI_Assignment3\GAME3001_A3_Daekoen_Lee_Michale_Shular\src\EventManager.cpp(76,29): warning C4018: '<': signed/unsigned mismatch
C:\Users\Dio\Desktop\AIBoi\AI_Assignment3\GAME3001_A3_Daekoen_Lee_Michale_Shular\src\EventManager.cpp(133,37): warning C4244: '=': conversion from 'Sint32' to 'T', possible loss of data
          with
          [
              T=float
          ]
C:\Users\Dio\Desktop\AIBoi\AI_Assignment3\GAME3001_A3_Daekoen_Lee_Michale_Shular\src\EventManager.cpp(134,37): warning C4244: '=': conversion from 'Sint32' to 'T', possible loss of data
          with
          [
              T=float
          ]
  StartScene.cpp
  TextureManager.cpp
C:\Users\Dio\Desktop\AIBoi\AI_Assignment3\GAME3001_A3_Daekoen_Lee_Michale_Shular\src\TextureManager.cpp(137,36): warning C4244: 'initializing': conversion from 'double' to 'int', possible loss of data
C:\Users\Dio\Desktop\AIBoi\AI_Assignment3\GAME3001_A3_Daekoen_Lee_Michale_Shular\src\TextureManager.cpp(137,21): warning C4244: 'initializing': conversion from 'double' to 'const int', possible loss of data
C:\Users\Dio\Desktop\AIBoi\AI_Assignment3\GAME3001_A3_Daekoen_Lee_Michale_Shular\src\TextureManager.cpp(138,37): warning C4244: 'initializing': conversion from 'double' to 'int', possible loss of data
C:\Users\Dio\Desktop\AIBoi\AI_Assignment3\GAME3001_A3_Daekoen_Lee_Michale_Shular\src\TextureManager.cpp(138,21): warning C4244: 'initializing': conversion from 'double' to 'const int', possible loss of data
C:\Users\Dio\Desktop\AIBoi\AI_Assignment3\GAME3001_A3_Daekoen_Lee_Michale_Shular\src\TextureManager.cpp(180,36): warning C4244: 'initializing': conversion from 'double' to 'int', possible loss of data
C:\Users\Dio\Desktop\AIBoi\AI_Assignment3\GAME3001_A3_Daekoen_Lee_Michale_Shular\src\TextureManager.cpp(180,21): warning C4244: 'initializing': conversion from 'double' to 'const int', possible loss of data
C:\Users\Dio\Desktop\AIBoi\AI_Assignment3\GAME3001_A3_Daekoen_Lee_Michale_Shular\src\TextureManager.cpp(181,37): warning C4244: 'initializing': conversion from 'double' to 'int', possible loss of data
C:\Users\Dio\Desktop\AIBoi\AI_Assignment3\GAME3001_A3_Daekoen_Lee_Michale_Shular\src\TextureManager.cpp(181,21): warning C4244: 'initializing': conversion from 'double' to 'const int', possible loss of data
C:\Users\Dio\Desktop\AIBoi\AI_Assignment3\GAME3001_A3_Daekoen_Lee_Michale_Shular\src\TextureManager.cpp(197,34): warning C4244: 'initializing': conversion from 'float' to 'int', possible loss of data
C:\Users\Dio\Desktop\AIBoi\AI_Assignment3\GAME3001_A3_Daekoen_Lee_Michale_Shular\src\TextureManager.cpp(197,26): warning C4244: 'initializing': conversion from 'float' to 'const int', possible loss of data
C:\Users\Dio\Desktop\AIBoi\AI_Assignment3\GAME3001_A3_Daekoen_Lee_Michale_Shular\src\TextureManager.cpp(225,33): warning C4244: 'initializing': conversion from 'float' to 'int', possible loss of data
C:\Users\Dio\Desktop\AIBoi\AI_Assignment3\GAME3001_A3_Daekoen_Lee_Michale_Shular\src\TextureManager.cpp(225,26): warning C4244: 'initializing': conversion from 'float' to 'const int', possible loss of data
C:\Users\Dio\Desktop\AIBoi\AI_Assignment3\GAME3001_A3_Daekoen_Lee_Michale_Shular\src\TextureManager.cpp(232,32): warning C4018: '>': signed/unsigned mismatch
C:\Users\Dio\Desktop\AIBoi\AI_Assignment3\GAME3001_A3_Daekoen_Lee_Michale_Shular\src\TextureManager.cpp(260,36): warning C4244: 'initializing': conversion from 'double' to 'int', possible loss of data
C:\Users\Dio\Desktop\AIBoi\AI_Assignment3\GAME3001_A3_Daekoen_Lee_Michale_Shular\src\TextureManager.cpp(260,21): warning C4244: 'initializing': conversion from 'double' to 'const int', possible loss of data
C:\Users\Dio\Desktop\AIBoi\AI_Assignment3\GAME3001_A3_Daekoen_Lee_Michale_Shular\src\TextureManager.cpp(261,37): warning C4244: 'initializing': conversion from 'double' to 'int', possible loss of data
C:\Users\Dio\Desktop\AIBoi\AI_Assignment3\GAME3001_A3_Daekoen_Lee_Michale_Shular\src\TextureManager.cpp(261,21): warning C4244: 'initializing': conversion from 'double' to 'const int', possible loss of data
C:\Users\Dio\Desktop\AIBoi\AI_Assignment3\GAME3001_A3_Daekoen_Lee_Michale_Shular\src\TextureManager.cpp(290,36): warning C4244: 'initializing': conversion from 'double' to 'int', possible loss of data
C:\Users\Dio\Desktop\AIBoi\AI_Assignment3\GAME3001_A3_Daekoen_Lee_Michale_Shular\src\TextureManager.cpp(290,21): warning C4244: 'initializing': conversion from 'double' to 'const int', possible loss of data
C:\Users\Dio\Desktop\AIBoi\AI_Assignment3\GAME3001_A3_Daekoen_Lee_Michale_Shular\src\TextureManager.cpp(291,37): warning C4244: 'initializing': conversion from 'double' to 'int', possible loss of data
C:\Users\Dio\Desktop\AIBoi\AI_Assignment3\GAME3001_A3_Daekoen_Lee_Michale_Shular\src\TextureManager.cpp(291,21): warning C4244: 'initializing': conversion from 'double' to 'const int', possible loss of data
C:\Users\Dio\Desktop\AIBoi\AI_Assignment3\GAME3001_A3_Daekoen_Lee_Michale_Shular\src\TextureManager.cpp(310,11): warning C4244: '=': conversion from 'int' to 'T', possible loss of data
          with
          [
              T=float
          ]
C:\Users\Dio\Desktop\AIBoi\AI_Assignment3\GAME3001_A3_Daekoen_Lee_Michale_Shular\src\TextureManager.cpp(311,11): warning C4244: '=': conversion from 'int' to 'T', possible loss of data
          with
          [
              T=float
          ]
  Generating Code...
  Template.vcxproj -> C:\Users\Dio\Desktop\AIBoi\AI_Assignment3\GAME3001_A3_Daekoen_Lee_Michale_Shular\bin\Debug\Template.exe
