c:\users\dio\desktop\aiboi\ai_assignment3\game3001_a3_daekoen_lee_michale_shular\template\intermediate\debug\vc142.pdb
c:\users\dio\desktop\aiboi\ai_assignment3\game3001_a3_daekoen_lee_michale_shular\template\intermediate\debug\vc142.idb
c:\users\dio\desktop\aiboi\ai_assignment3\game3001_a3_daekoen_lee_michale_shular\template\intermediate\debug\ship.obj
c:\users\dio\desktop\aiboi\ai_assignment3\game3001_a3_daekoen_lee_michale_shular\template\intermediate\debug\scene.obj
c:\users\dio\desktop\aiboi\ai_assignment3\game3001_a3_daekoen_lee_michale_shular\template\intermediate\debug\renderer.obj
c:\users\dio\desktop\aiboi\ai_assignment3\game3001_a3_daekoen_lee_michale_shular\template\intermediate\debug\player.obj
c:\users\dio\desktop\aiboi\ai_assignment3\game3001_a3_daekoen_lee_michale_shular\template\intermediate\debug\plane.obj
c:\users\dio\desktop\aiboi\ai_assignment3\game3001_a3_daekoen_lee_michale_shular\template\intermediate\debug\main.obj
c:\users\dio\desktop\aiboi\ai_assignment3\game3001_a3_daekoen_lee_michale_shular\template\intermediate\debug\playscene.obj
c:\users\dio\desktop\aiboi\ai_assignment3\game3001_a3_daekoen_lee_michale_shular\template\intermediate\debug\label.obj
c:\users\dio\desktop\aiboi\ai_assignment3\game3001_a3_daekoen_lee_michale_shular\template\intermediate\debug\gameobject.obj
c:\users\dio\desktop\aiboi\ai_assignment3\game3001_a3_daekoen_lee_michale_shular\template\intermediate\debug\gamecontroller.obj
c:\users\dio\desktop\aiboi\ai_assignment3\game3001_a3_daekoen_lee_michale_shular\template\intermediate\debug\game.obj
c:\users\dio\desktop\aiboi\ai_assignment3\game3001_a3_daekoen_lee_michale_shular\template\intermediate\debug\fontmanager.obj
c:\users\dio\desktop\aiboi\ai_assignment3\game3001_a3_daekoen_lee_michale_shular\template\intermediate\debug\endscene.obj
c:\users\dio\desktop\aiboi\ai_assignment3\game3001_a3_daekoen_lee_michale_shular\template\intermediate\debug\displayobject.obj
c:\users\dio\desktop\aiboi\ai_assignment3\game3001_a3_daekoen_lee_michale_shular\template\intermediate\debug\uicontrol.obj
c:\users\dio\desktop\aiboi\ai_assignment3\game3001_a3_daekoen_lee_michale_shular\template\intermediate\debug\sprite.obj
c:\users\dio\desktop\aiboi\ai_assignment3\game3001_a3_daekoen_lee_michale_shular\template\intermediate\debug\pathnode.obj
c:\users\dio\desktop\aiboi\ai_assignment3\game3001_a3_daekoen_lee_michale_shular\template\intermediate\debug\obstacle.obj
c:\users\dio\desktop\aiboi\ai_assignment3\game3001_a3_daekoen_lee_michale_shular\template\intermediate\debug\collisionmanager.obj
c:\users\dio\desktop\aiboi\ai_assignment3\game3001_a3_daekoen_lee_michale_shular\template\intermediate\debug\button.obj
c:\users\dio\desktop\aiboi\ai_assignment3\game3001_a3_daekoen_lee_michale_shular\template\intermediate\debug\util.obj
c:\users\dio\desktop\aiboi\ai_assignment3\game3001_a3_daekoen_lee_michale_shular\template\intermediate\debug\texturemanager.obj
c:\users\dio\desktop\aiboi\ai_assignment3\game3001_a3_daekoen_lee_michale_shular\template\intermediate\debug\target.obj
c:\users\dio\desktop\aiboi\ai_assignment3\game3001_a3_daekoen_lee_michale_shular\template\intermediate\debug\startscene.obj
c:\users\dio\desktop\aiboi\ai_assignment3\game3001_a3_daekoen_lee_michale_shular\template\intermediate\debug\spritesheet.obj
c:\users\dio\desktop\aiboi\ai_assignment3\game3001_a3_daekoen_lee_michale_shular\template\intermediate\debug\eventmanager.obj
c:\users\dio\desktop\aiboi\ai_assignment3\game3001_a3_daekoen_lee_michale_shular\template\intermediate\debug\soundmanager.obj
c:\users\dio\desktop\aiboi\ai_assignment3\game3001_a3_daekoen_lee_michale_shular\bin\debug\template.ilk
c:\users\dio\desktop\aiboi\ai_assignment3\game3001_a3_daekoen_lee_michale_shular\bin\debug\template.exe
c:\users\dio\desktop\aiboi\ai_assignment3\game3001_a3_daekoen_lee_michale_shular\bin\debug\template.pdb
c:\users\dio\desktop\aiboi\ai_assignment3\game3001_a3_daekoen_lee_michale_shular\template\intermediate\debug\template.tlog\cl.command.1.tlog
c:\users\dio\desktop\aiboi\ai_assignment3\game3001_a3_daekoen_lee_michale_shular\template\intermediate\debug\template.tlog\cl.read.1.tlog
c:\users\dio\desktop\aiboi\ai_assignment3\game3001_a3_daekoen_lee_michale_shular\template\intermediate\debug\template.tlog\cl.write.1.tlog
c:\users\dio\desktop\aiboi\ai_assignment3\game3001_a3_daekoen_lee_michale_shular\template\intermediate\debug\template.tlog\link.command.1.tlog
c:\users\dio\desktop\aiboi\ai_assignment3\game3001_a3_daekoen_lee_michale_shular\template\intermediate\debug\template.tlog\link.read.1.tlog
c:\users\dio\desktop\aiboi\ai_assignment3\game3001_a3_daekoen_lee_michale_shular\template\intermediate\debug\template.tlog\link.write.1.tlog
